0 info it worked if it ends with ok
1 verbose cli [ '/usr/bin/nodejs', '/usr/bin/npm', 'install', '-d' ]
2 info using npm@1.4.21
3 info using node@v0.10.25
4 verbose readDependencies using package.json deps
5 verbose install where, deps [ '/home/matthew/Desktop/Pangea/btcd-supernet-explorer',
5 verbose install   [ 'express',
5 verbose install     'cookie',
5 verbose install     'ejs',
5 verbose install     'async',
5 verbose install     'mongode',
5 verbose install     'node-btcd',
5 verbose install     'socket.io',
5 verbose install     'cryptoaddress-validator',
5 verbose install     'xss' ] ]
6 info preinstall application-name@0.0.1
7 warn package.json cryptoaddress-validator@0.0.1 No repository field.
8 verbose readDependencies using package.json deps
9 verbose already installed skipping mongode@0.1.6 /home/matthew/Desktop/Pangea/btcd-supernet-explorer
10 verbose already installed skipping cookie@0.1.1 /home/matthew/Desktop/Pangea/btcd-supernet-explorer
11 verbose cache add [ 'node-btcd@*', null ]
12 verbose cache add name=undefined spec="node-btcd@*" args=["node-btcd@*",null]
13 verbose parsed url { protocol: null,
13 verbose parsed url   slashes: null,
13 verbose parsed url   auth: null,
13 verbose parsed url   host: null,
13 verbose parsed url   port: null,
13 verbose parsed url   hostname: null,
13 verbose parsed url   hash: null,
13 verbose parsed url   search: null,
13 verbose parsed url   query: null,
13 verbose parsed url   pathname: 'node-btcd@*',
13 verbose parsed url   path: 'node-btcd@*',
13 verbose parsed url   href: 'node-btcd@*' }
14 verbose already installed skipping ejs@0.8.5 /home/matthew/Desktop/Pangea/btcd-supernet-explorer
15 verbose already installed skipping socket.io@* /home/matthew/Desktop/Pangea/btcd-supernet-explorer
16 verbose already installed skipping async@0.2.10 /home/matthew/Desktop/Pangea/btcd-supernet-explorer
17 verbose already installed skipping cryptoaddress-validator@0.0.1 /home/matthew/Desktop/Pangea/btcd-supernet-explorer
18 verbose already installed skipping xss@0.1.7 /home/matthew/Desktop/Pangea/btcd-supernet-explorer
19 verbose cache add name="node-btcd" spec="*" args=["node-btcd","*"]
20 verbose parsed url { protocol: null,
20 verbose parsed url   slashes: null,
20 verbose parsed url   auth: null,
20 verbose parsed url   host: null,
20 verbose parsed url   port: null,
20 verbose parsed url   hostname: null,
20 verbose parsed url   hash: null,
20 verbose parsed url   search: null,
20 verbose parsed url   query: null,
20 verbose parsed url   pathname: '*',
20 verbose parsed url   path: '*',
20 verbose parsed url   href: '*' }
21 verbose addNamed [ 'node-btcd', '*' ]
22 verbose addNamed [ null, '*' ]
23 verbose already installed skipping express@3.4.8 /home/matthew/Desktop/Pangea/btcd-supernet-explorer
24 silly lockFile c9a55deb-node-btcd node-btcd@*
25 verbose lock node-btcd@* /home/matthew/.npm/c9a55deb-node-btcd.lock
26 silly addNameRange { name: 'node-btcd', range: '*', hasData: false }
27 verbose request where is /node-btcd
28 verbose request registry https://registry.npmjs.org/
29 verbose request id d0a8d59ef8b1781b
30 verbose url raw /node-btcd
31 verbose url resolving [ 'https://registry.npmjs.org/', './node-btcd' ]
32 verbose url resolved https://registry.npmjs.org/node-btcd
33 verbose request where is https://registry.npmjs.org/node-btcd
34 info trying registry request attempt 1 at 15:51:34
35 http GET https://registry.npmjs.org/node-btcd
36 http 404 https://registry.npmjs.org/node-btcd
37 silly registry.get cb [ 404,
37 silly registry.get   { 'content-type': 'application/json',
37 silly registry.get     'cache-control': 'max-age=0',
37 silly registry.get     'content-length': '2',
37 silly registry.get     'accept-ranges': 'bytes',
37 silly registry.get     date: 'Wed, 30 Sep 2015 19:51:34 GMT',
37 silly registry.get     via: '1.1 varnish',
37 silly registry.get     age: '0',
37 silly registry.get     connection: 'keep-alive',
37 silly registry.get     'x-served-by': 'cache-jfk1023-JFK',
37 silly registry.get     'x-cache': 'MISS',
37 silly registry.get     'x-cache-hits': '0',
37 silly registry.get     'x-timer': 'S1443642694.646841,VS0,VE87' } ]
38 silly lockFile c9a55deb-node-btcd node-btcd@*
39 silly lockFile c9a55deb-node-btcd node-btcd@*
40 error 404 Not Found
40 error 404
40 error 404 'node-btcd' is not in the npm registry.
40 error 404 You should bug the author to publish it
40 error 404 It was specified as a dependency of 'application-name'
40 error 404
40 error 404 Maybe try 'npm search btcd'
40 error 404
40 error 404 Note that you can also install from a
40 error 404 tarball, folder, or http url, or git url.
41 error System Linux 3.19.0-26-generic
42 error command "/usr/bin/nodejs" "/usr/bin/npm" "install" "-d"
43 error cwd /home/matthew/Desktop/Pangea/btcd-supernet-explorer
44 error node -v v0.10.25
45 error npm -v 1.4.21
46 error code E404
47 verbose exit [ 1, true ]
